1571793995.534732 client started (15768): version 2.9a, socket /tmp/tmux-1000/default, protocol 8
1571793995.534811 on Linux 5.3.0-19-generic #20-Ubuntu SMP Fri Oct 18 09:04:39 UTC 2019; libevent 2.1.8-stable (poll)
1571793995.534869 socket is /tmp/tmux-1000/default
1571793995.534909 trying connect
1571793995.535123 add peer 0x55b82fc01390: 6 ((nil))
1571793995.535350 sending message 100 to peer 0x55b82fc01390 (4 bytes)
1571793995.535386 sending message 101 to peer 0x55b82fc01390 (16 bytes)
1571793995.535412 sending message 102 to peer 0x55b82fc01390 (11 bytes)
1571793995.535436 sending message 108 to peer 0x55b82fc01390 (23 bytes)
1571793995.535463 sending message 104 to peer 0x55b82fc01390 (0 bytes)
1571793995.535490 sending message 107 to peer 0x55b82fc01390 (4 bytes)
1571793995.535514 sending message 105 to peer 0x55b82fc01390 (23 bytes)
1571793995.535539 sending message 105 to peer 0x55b82fc01390 (20 bytes)
1571793995.535564 sending message 105 to peer 0x55b82fc01390 (54 bytes)
1571793995.535589 sending message 105 to peer 0x55b82fc01390 (47 bytes)
1571793995.535614 sending message 105 to peer 0x55b82fc01390 (41 bytes)
1571793995.535639 sending message 105 to peer 0x55b82fc01390 (19 bytes)
1571793995.535663 sending message 105 to peer 0x55b82fc01390 (51 bytes)
1571793995.535687 sending message 105 to peer 0x55b82fc01390 (11 bytes)
1571793995.535710 sending message 105 to peer 0x55b82fc01390 (14 bytes)
1571793995.535734 sending message 105 to peer 0x55b82fc01390 (44 bytes)
1571793995.535758 sending message 105 to peer 0x55b82fc01390 (52 bytes)
1571793995.535782 sending message 105 to peer 0x55b82fc01390 (19 bytes)
1571793995.535806 sending message 105 to peer 0x55b82fc01390 (28 bytes)
1571793995.535840 sending message 105 to peer 0x55b82fc01390 (18 bytes)
1571793995.535864 sending message 105 to peer 0x55b82fc01390 (39 bytes)
1571793995.535888 sending message 105 to peer 0x55b82fc01390 (36 bytes)
1571793995.535912 sending message 105 to peer 0x55b82fc01390 (37 bytes)
1571793995.535935 sending message 105 to peer 0x55b82fc01390 (18 bytes)
1571793995.535959 sending message 105 to peer 0x55b82fc01390 (17 bytes)
1571793995.535983 sending message 105 to peer 0x55b82fc01390 (23 bytes)
1571793995.536007 sending message 105 to peer 0x55b82fc01390 (21 bytes)
1571793995.536030 sending message 105 to peer 0x55b82fc01390 (30 bytes)
1571793995.536054 sending message 105 to peer 0x55b82fc01390 (27 bytes)
1571793995.536078 sending message 105 to peer 0x55b82fc01390 (24 bytes)
1571793995.536119 sending message 105 to peer 0x55b82fc01390 (20 bytes)
1571793995.536143 sending message 105 to peer 0x55b82fc01390 (23 bytes)
1571793995.536167 sending message 105 to peer 0x55b82fc01390 (21 bytes)
1571793995.536191 sending message 105 to peer 0x55b82fc01390 (25 bytes)
1571793995.536214 sending message 105 to peer 0x55b82fc01390 (20 bytes)
1571793995.536242 sending message 105 to peer 0x55b82fc01390 (15 bytes)
1571793995.536267 sending message 105 to peer 0x55b82fc01390 (50 bytes)
1571793995.536291 sending message 105 to peer 0x55b82fc01390 (13 bytes)
1571793995.536315 sending message 105 to peer 0x55b82fc01390 (486 bytes)
1571793995.536339 sending message 105 to peer 0x55b82fc01390 (27 bytes)
1571793995.536363 sending message 105 to peer 0x55b82fc01390 (19 bytes)
1571793995.536387 sending message 105 to peer 0x55b82fc01390 (18 bytes)
1571793995.536410 sending message 105 to peer 0x55b82fc01390 (74 bytes)
1571793995.536434 sending message 105 to peer 0x55b82fc01390 (19 bytes)
1571793995.536458 sending message 105 to peer 0x55b82fc01390 (8 bytes)
1571793995.536482 sending message 105 to peer 0x55b82fc01390 (19 bytes)
1571793995.536506 sending message 105 to peer 0x55b82fc01390 (41 bytes)
1571793995.536529 sending message 105 to peer 0x55b82fc01390 (21 bytes)
1571793995.536577 sending message 105 to peer 0x55b82fc01390 (36 bytes)
1571793995.536602 sending message 105 to peer 0x55b82fc01390 (13 bytes)
1571793995.536627 sending message 105 to peer 0x55b82fc01390 (12 bytes)
1571793995.536651 sending message 105 to peer 0x55b82fc01390 (16 bytes)
1571793995.536675 sending message 105 to peer 0x55b82fc01390 (18 bytes)
1571793995.536739 sending message 105 to peer 0x55b82fc01390 (13 bytes)
1571793995.536786 sending message 105 to peer 0x55b82fc01390 (41 bytes)
1571793995.536820 sending message 105 to peer 0x55b82fc01390 (61 bytes)
1571793995.536845 sending message 105 to peer 0x55b82fc01390 (23 bytes)
1571793995.536870 sending message 105 to peer 0x55b82fc01390 (99 bytes)
1571793995.536894 sending message 105 to peer 0x55b82fc01390 (23 bytes)
1571793995.536918 sending message 105 to peer 0x55b82fc01390 (31 bytes)
1571793995.536943 sending message 105 to peer 0x55b82fc01390 (15 bytes)
1571793995.536967 sending message 105 to peer 0x55b82fc01390 (23 bytes)
1571793995.536991 sending message 105 to peer 0x55b82fc01390 (23 bytes)
1571793995.537014 sending message 105 to peer 0x55b82fc01390 (17 bytes)
1571793995.537038 sending message 105 to peer 0x55b82fc01390 (21 bytes)
1571793995.537062 sending message 105 to peer 0x55b82fc01390 (11 bytes)
1571793995.537086 sending message 105 to peer 0x55b82fc01390 (20 bytes)
1571793995.537110 sending message 105 to peer 0x55b82fc01390 (21 bytes)
1571793995.537134 sending message 105 to peer 0x55b82fc01390 (20 bytes)
1571793995.537158 sending message 105 to peer 0x55b82fc01390 (16 bytes)
1571793995.537182 sending message 105 to peer 0x55b82fc01390 (28 bytes)
1571793995.537206 sending message 105 to peer 0x55b82fc01390 (11 bytes)
1571793995.537230 sending message 105 to peer 0x55b82fc01390 (8 bytes)
1571793995.537254 sending message 105 to peer 0x55b82fc01390 (32 bytes)
1571793995.537279 sending message 105 to peer 0x55b82fc01390 (1506 bytes)
1571793995.537307 sending message 105 to peer 0x55b82fc01390 (27 bytes)
1571793995.537331 sending message 105 to peer 0x55b82fc01390 (76 bytes)
1571793995.537356 sending message 105 to peer 0x55b82fc01390 (12 bytes)
1571793995.537380 sending message 105 to peer 0x55b82fc01390 (26 bytes)
1571793995.537404 sending message 105 to peer 0x55b82fc01390 (16 bytes)
1571793995.537428 sending message 105 to peer 0x55b82fc01390 (53 bytes)
1571793995.537452 sending message 105 to peer 0x55b82fc01390 (31 bytes)
1571793995.537476 sending message 105 to peer 0x55b82fc01390 (16 bytes)
1571793995.537500 sending message 106 to peer 0x55b82fc01390 (0 bytes)
1571793995.537525 sending message 200 to peer 0x55b82fc01390 (4 bytes)
1571793995.537549 client loop enter
1571793995.538357 peer 0x55b82fc01390 message 211
1571793995.538408 client_write: sessions should be nested with care, unset $TMUX to force\n
1571793995.538451 peer 0x55b82fc01390 message 203
1571793995.538482 client loop exit
